2020-06-21 17:59:20.584  INFO 11340 --- [Thread-121] o.s.s.c.ThreadPoolTaskExecutor           : Shutting down ExecutorService 'applicationTaskExecutor'
2020-06-21 17:59:20.720  INFO 11340 --- [restartedMain] c.a.s.l.SpringBootLoggingApplication     : Starting SpringBootLoggingApplication on CEBS-LPT-31 with PID 11340 (C:\Users\Anuj.Singh\Documents\workspace-sts-3.9.11.RELEASE\SpringBootLoggingWithOutPutFile\target\classes started by Anuj.Singh in C:\Users\Anuj.Singh\Documents\workspace-sts-3.9.11.RELEASE\SpringBootLoggingWithOutPutFile)
2020-06-21 17:59:20.722  INFO 11340 --- [restartedMain] c.a.s.l.SpringBootLoggingApplication     : No active profile set, falling back to default profiles: default
2020-06-21 17:59:20.867  INFO 11340 --- [restartedMain] o.s.b.w.e.t.TomcatWebServer              : Tomcat initialized with port(s): 8080 (http)
2020-06-21 17:59:20.868  INFO 11340 --- [restartedMain] o.a.c.c.StandardService                  : Starting service [Tomcat]
2020-06-21 17:59:20.868  INFO 11340 --- [restartedMain] o.a.c.c.StandardEngine                   : Starting Servlet engine: [Apache Tomcat/9.0.36]
2020-06-21 17:59:20.876  INFO 11340 --- [restartedMain] o.a.c.c.C.[.[.[/]                        : Initializing Spring embedded WebApplicationContext
2020-06-21 17:59:20.876  INFO 11340 --- [restartedMain] w.s.c.ServletWebServerApplicationContext : Root WebApplicationContext: initialization completed in 151 ms
2020-06-21 17:59:20.902  INFO 11340 --- [restartedMain] o.s.s.c.ThreadPoolTaskExecutor           : Initializing ExecutorService 'applicationTaskExecutor'
2020-06-21 17:59:20.924  INFO 11340 --- [restartedMain] o.s.b.d.a.OptionalLiveReloadServer       : LiveReload server is running on port 35729
2020-06-21 17:59:20.930  INFO 11340 --- [restartedMain] o.s.b.w.e.t.TomcatWebServer              : Tomcat started on port(s): 8080 (http) with context path ''
2020-06-21 17:59:20.933  INFO 11340 --- [restartedMain] c.a.s.l.SpringBootLoggingApplication     : Started SpringBootLoggingApplication in 0.242 seconds (JVM running for 44.198)
2020-06-21 17:59:20.934  INFO 11340 --- [restartedMain] .ConditionEvaluationDeltaLoggingListener : Condition evaluation unchanged
2020-06-21 17:59:20.934  INFO 11340 --- [restartedMain] c.a.s.l.SpringBootLoggingApplication     : Inside info logs
2020-06-21 17:59:20.934  WARN 11340 --- [restartedMain] c.a.s.l.SpringBootLoggingApplication     : Inside warn logs
2020-06-21 17:59:47.741  INFO 11340 --- [Thread-238] o.s.s.c.ThreadPoolTaskExecutor           : Shutting down ExecutorService 'applicationTaskExecutor'
2020-06-21 17:59:47.843  INFO 11340 --- [restartedMain] c.a.s.l.SpringBootLoggingApplication     : Starting SpringBootLoggingApplication on CEBS-LPT-31 with PID 11340 (C:\Users\Anuj.Singh\Documents\workspace-sts-3.9.11.RELEASE\SpringBootLoggingWithOutPutFile\target\classes started by Anuj.Singh in C:\Users\Anuj.Singh\Documents\workspace-sts-3.9.11.RELEASE\SpringBootLoggingWithOutPutFile)
2020-06-21 17:59:47.844  INFO 11340 --- [restartedMain] c.a.s.l.SpringBootLoggingApplication     : No active profile set, falling back to default profiles: default
2020-06-21 17:59:47.984  INFO 11340 --- [restartedMain] o.s.b.w.e.t.TomcatWebServer              : Tomcat initialized with port(s): 8080 (http)
2020-06-21 17:59:47.984  INFO 11340 --- [restartedMain] o.a.c.c.StandardService                  : Starting service [Tomcat]
2020-06-21 17:59:47.985  INFO 11340 --- [restartedMain] o.a.c.c.StandardEngine                   : Starting Servlet engine: [Apache Tomcat/9.0.36]
2020-06-21 17:59:48.039  INFO 11340 --- [restartedMain] o.a.c.c.C.[.[.[/]                        : Initializing Spring embedded WebApplicationContext
2020-06-21 17:59:48.039  INFO 11340 --- [restartedMain] w.s.c.ServletWebServerApplicationContext : Root WebApplicationContext: initialization completed in 193 ms
2020-06-21 17:59:48.054  INFO 11340 --- [restartedMain] o.s.s.c.ThreadPoolTaskExecutor           : Initializing ExecutorService 'applicationTaskExecutor'
2020-06-21 17:59:48.086  INFO 11340 --- [restartedMain] o.s.b.d.a.OptionalLiveReloadServer       : LiveReload server is running on port 35729
2020-06-21 17:59:48.086  INFO 11340 --- [restartedMain] o.s.b.w.e.t.TomcatWebServer              : Tomcat started on port(s): 8080 (http) with context path ''
2020-06-21 17:59:48.086  INFO 11340 --- [restartedMain] c.a.s.l.SpringBootLoggingApplication     : Started SpringBootLoggingApplication in 0.283 seconds (JVM running for 71.363)
2020-06-21 17:59:48.086  INFO 11340 --- [restartedMain] .ConditionEvaluationDeltaLoggingListener : Condition evaluation unchanged
2020-06-21 17:59:48.086  INFO 11340 --- [restartedMain] c.a.s.l.SpringBootLoggingApplication     : Inside info logs
2020-06-21 17:59:48.086  WARN 11340 --- [restartedMain] c.a.s.l.SpringBootLoggingApplication     : Inside warn logs
2020-06-21 18:22:09.664  INFO 11340 --- [RMI TCP Connection(2)-127.0.0.1] inMXBeanRegistrar$SpringApplicationAdmin : Application shutdown requested.
2020-06-21 18:22:09.900  INFO 11340 --- [RMI TCP Connection(2)-127.0.0.1] o.s.s.c.ThreadPoolTaskExecutor           : Shutting down ExecutorService 'applicationTaskExecutor'
